apis|A0A8R2NNL5	OG0000001	1.05e-23
apis|A0A8R2A9R7	OG0000034	1.11e-53
apis|A0A8R2D6J3	OG0000000	3.44e-14
apis|A0A8R2A467	OG0000034	2.75e-77
apis|A0A8R2H3T8	OG0000034	5.75e-146
apis|A0A8R2JPB7	OG0000064	6.11e-06
apis|A0A8R2A6V5	OG0000033	2.41e-24
apis|A0A8R2A1L3	OG0000034	2.22e-150
apis|A0A8R2BAS9	OG0000077	4.24e-22
apis|A0A8R1W5F2	OG0000013	3.19e-93
apis|A0A8R1W2S1	OG0000000	1.45e-11
apis|A0A8R2JQU9	OG0000009	2.80e-06
apis|A0A8R2A1Z7	OG0000034	1.24e-98
apis|C4WUB1	OG0000088	1.48e-67
apis|A0A8R1W6B0	OG0000001	4.22e-20
apis|A0A8R2A033	OG0000091	2.37e-26
apis|A0A8R1W4P0	OG0000033	3.61e-90
apis|A0A8R2HAT5	OG0000001	1.39e-19
apis|A0A8R2JQR4	OG0000001	1.03e-23
apis|A0A8R2AAQ0	OG0000001	5.63e-23
apis|A0A8R2B2X0	OG0000034	8.64e-37
apis|A0A8R2B2X5	OG0000001	7.64e-23
apis|A0A8R2A3G5	OG0000000	5.28e-17
apis|A0A8R2H6W4	OG0000001	2.76e-24
apis|A0A8R2JV90	OG0000034	2.71e-97
apis|A0A8R1W1G4	OG0000027	1.11e-195
apis|A0A8R1VYL0	OG0000077	1.94e-54
apis|A0A8R1W2W7	OG0000008	2.10e-70
apis|A0A8R2B5Z5	OG0000034	1.95e-70
apis|A0A8R2F6R9	OG0000064	4.57e-04
apis|A0A8R2A9X0	OG0000022	1.98e-77
apis|A0A8R2A756	OG0000095	2.06e-188
apis|A0A8R2B963	OG0000034	3.81e-41
apis|A0A8R1VZH2	OG0000033	3.36e-64
apis|C4WTZ5	OG0000071	4.20e-38
apis|A0A8R1W4S0	OG0000021	6.46e-06
apis|A0A8R2A6B7	OG0000000	1.38e-07
apis|A0A8R2B844	OG0000034	8.73e-147
apis|A0A8R2B804	OG0000042	3.69e-25
apis|C4WS29	OG0000097	1.78e-26
apis|A0A8R1W4R8	OG0000009	3.62e-06
apis|A0A8R1W7D8	OG0000096	7.08e-26
apis|A0A8R2B9A9	OG0000000	3.78e-07
apis|A0A8R2NJI5	OG0000000	2.75e-07
apis|A0A8R1W997	OG0000013	3.52e-30
apis|A0A8R1W566	OG0000034	3.54e-44
apis|A0A8R2A9H3	OG0000034	3.88e-41
apis|A0A8R2D5K5	OG0000000	4.24e-14
apis|A0A8R2D660	OG0000064	2.29e-11
apis|A0A8R2JMY3	OG0000001	5.19e-20
apis|A0A8R2B7Y7	OG0000001	2.38e-23
apis|A0A8R2HA22	OG0000001	1.61e-19
apis|A0A8R2AA41	OG0000033	6.45e-33
apis|A0A8R2B6A5	OG0000034	1.03e-25
apis|A0A8R2JL03	OG0000033	7.78e-30
apis|A0A8R2JUK8	OG0000013	1.44e-60
apis|A0A8R2FC73	OG0000001	4.24e-20
apis|A0A8R1X0Y1	OG0000034	7.30e-17
apis|A0A8R2FAE6	OG0000000	4.19e-14
apis|A0A8R2H6K3	OG0000071	1.17e-45
apis|A0A8R2NSP2	OG0000012	4.19e-29
apis|A0A8R1W3W3	OG0000008	1.11e-67
apis|A0A8R2AC01	OG0000034	8.44e-147
apis|A0A8R1W512	OG0000034	8.86e-42
apis|A0A8R2FDT0	OG0000042	2.08e-23
apis|A0A8R2JVQ0	OG0000033	5.86e-16
apis|A0A8R1VYP7	OG0000034	2.53e-42
apis|A0A8R1W5T4	OG0000034	2.50e-35
apis|A0A8R2A6G8	OG0000067	1.43e-252
apis|A0A8R2FA21	OG0000059	4.78e-45
apis|A0A8R1WB20	OG0000042	2.87e-25
apis|A0A8R1W2H3	OG0000027	1.14e-91
apis|C4WS32	OG0000071	1.16e-57
apis|A0A8R1W4Y3	OG0000034	4.89e-51
apis|A0A8R2A8B6	OG0000013	2.17e-100
apis|A0A8R2A080	OG0000034	3.29e-22
apis|A0A8R2AIE1	OG0000001	1.53e-28
apis|A0A8R2AED1	OG0000034	2.06e-57
apis|A0A8R2A3N4	OG0000077	3.61e-64
apis|A0A8R2A5L0	OG0000034	1.04e-72
apis|A0A8R2B980	OG0000064	2.98e-11
apis|A0A8R2AD59	OG0000064	7.61e-05
apis|C4WS28	OG0000097	1.21e-27
apis|A0A8R2HA05	OG0000034	6.92e-149
apis|C4WUC2	OG0000059	3.36e-46
apis|A0A8R2D654	OG0000000	4.16e-14
apis|A0A8R1W5H8	OG0000064	3.12e-08
apis|C4WYB9	OG0000093	2.80e-52
apis|A0A8R2BAJ9	OG0000027	5.52e-33
apis|A0A8R2A7G6	OG0000069	4.02e-26
apis|A0A8R1W440	OG0000034	1.76e-146
apis|A0A8R2A5E2	OG0000034	4.04e-69
apis|A0A8R2A6N0	OG0000034	1.01e-82
apis|A0A8R1W3G3	OG0000034	1.34e-95
apis|A0A8R1W335	OG0000001	1.14e-27
apis|A0A8R1W2P7	OG0000008	7.86e-68
apis|A0A8R1W1V7	OG0000021	1.03e-04
apis|A0A8R2HAC7	OG0000033	1.11e-64
apis|A0A8R2FA58	OG0000034	1.23e-52
apis|A0A8R2D4G7	OG0000000	3.07e-10
apis|A0A8R2H7V0	OG0000093	1.12e-52
apis|A0A8R1WC25	OG0000071	2.57e-58
apis|A0A8R2D709	OG0000009	1.75e-25
apis|A0A8R2A5W4	OG0000000	2.96e-10
apis|A0A8R2AH71	OG0000000	3.15e-10
apis|A0A8R1W2C0	OG0000034	4.65e-84
apis|A0A8R1X307	OG0000034	7.51e-17
apis|A0A8R1W6Z3	OG0000065	4.14e-142
apis|A0A8R1ZYH8	OG0000065	1.75e-99
apis|A0A8R2H7X7	OG0000001	1.49e-17
apis|A0A8R2D319	OG0000034	1.28e-45
apis|C4WYH0	OG0000097	3.33e-40
apis|C4WUR0	OG0000059	2.96e-44
apis|A0A8R1TEY0	OG0000034	1.11e-57
apis|A0A8R2A3F6	OG0000064	3.00e-05
apis|A0A8R2FCF1	OG0000008	3.21e-08
apis|A0A8R1W1K6	OG0000034	3.76e-28
apis|A0A8R2A3Q2	OG0000034	4.18e-68
apis|A0A8R1W1D7	OG0000034	2.22e-143
apis|C4WSB5	OG0000008	1.97e-74
apis|A0A8R1W261	OG0000034	2.22e-29
apis|A0A8R1X1N4	OG0000000	1.83e-11
apis|A0A8R2A4Y6	OG0000074	2.78e-11
apis|A0A8R1W2V0	OG0000000	9.96e-07
apis|A0A8R1W3A5	OG0000013	8.23e-102
apis|A0A8R1W741	OG0000044	4.58e-90
apis|A0A8R2A5A8	OG0000014	2.74e-33
apis|A0A8R2B555	OG0000000	5.95e-13
apis|A0A8R2A2B5	OG0000064	2.99e-11
apis|A0A8R1W3F4	OG0000009	3.88e-26
apis|A0A8R2H9A2	OG0000065	2.11e-99
apis|A0A8R2NQL7	OG0000001	6.18e-21
apis|A0A8R2JMK1	OG0000001	6.24e-21
apis|A0A8R2FD80	OG0000034	8.15e-24
apis|A0A8R2NMJ8	OG0000001	6.72e-12
